<?xml version="1.0" ?>
<!DOCTYPE coverage
  SYSTEM 'http://cobertura.sourceforge.net/xml/coverage-03.dtd'>
{% if sources %}
<coverage branch-rate="0" line-rate="{{ total_coverage|round(4) }}" timestamp="" version="">
    <packages>
        <package branch-rate="0" complexity="0" line-rate="{{ total_coverage|round(4) }}" name="javascript">
            <classes>
                {% for src_path, src_data in sources|dictsort %}
                <class branch-rate="0" complexity="0"
                       filename="{{ src_path }}" line-rate="{{ src_data.src_coverage|round(4) }}"
                       name="{{ src_path }}">
                    <methods />
                    <lines>
                        {% for line_num, is_covered in src_data.lines|dictsort %}
                        {% if is_covered %}
                        <line hits="1" number="{{ line_num }}" />
                        {% else %}
                        <line hits="0" number="{{ line_num }}" />
                        {% endif %}
                        {% endfor %}
                    </lines>
                </class>
                {% endfor %}
            </classes>
        </package>
    </packages>
</coverage>
{% else %}
<coverage branch-rate="0" line-rate="0" timestamp="" version="">
<packages></packages>
</coverage>
{% endif %}
